 Section A

  1.   cd cs131/
       mkdir a1
       cd a1

  2.   echo $HOME

  3.   id

  4.   ls /proc/ | grep mem
       ls /proc/ | grep cpu


  5.   cd /proc/
       head meminfo

  6.   head cpuinfo
       tail cpuinfo
       cat cpuinfo

  7.   cd /etc/
       ls
       head os-release

  Section B
  Dataset copy and unzipping

       cd /mnt/scratch/shwethalsu24
       cp /datasets/taxidata.tar.gz .
       gunzip taxidata.tar.gz
       tar -xf taxidata.tar

  8.   cd taxidata/
       grep -i "2019-05-12" *.csv > filter.csv
       less filter.csv
       awk -F',' '{sum+=$17; ++n} END { print "Avg: "sum"/"n"="sum/n }' filter.csv

  9.   cat filter.csv | sort -t',' -r -n -k17 > final.csv
       head final.csv

  10.  awk -F',' '$4 >= 3' 2019-05.csv > more.csv
       less more.csv
       cut -d',' -f9 more.csv | sort | uniq -c | sort -nr | head -n 10
